<?xml version="1.0" encoding="utf-8"?><testsuites name="pytest tests"><testsuite name="pytest" errors="0" failures="1" skipped="0" tests="17" time="8.909" timestamp="2026-09-18T17:36:48.779871+00:00" hostname="agent-env-659da61a-8ef1-4247-94ae-8eedd3f9d331"><testcase classname="tests.test_krishisetu_api" name="test_health" time="0.288" /><testcase classname="tests.test_krishisetu_api" name="test_legacy_dashboard" time="0.207" /><testcase classname="tests.test_krishisetu_api" name="test_legacy_analyze" time="0.190" /><testcase classname="tests.test_krishisetu_api" name="test_legacy_offers" time="0.324" /><testcase classname="tests.test_krishisetu_api" name="test_legacy_assistant_sse" time="0.238" /><testcase classname="tests.test_krishisetu_api" name="test_register_and_duplicate" time="0.448" /><testcase classname="tests.test_krishisetu_api" name="test_login_wrong_password" time="0.233" /><testcase classname="tests.test_krishisetu_api" name="test_auth_me_and_refresh" time="1.674" /><testcase classname="tests.test_krishisetu_api" name="test_farmer_dashboard" time="0.180" /><testcase classname="tests.test_krishisetu_api" name="test_farmer_lots_list" time="0.155" /><testcase classname="tests.test_krishisetu_api" name="test_farmer_lot_detail_and_403" time="0.690"><failure message="assert 200 in (401, 403)&#10; +  where 200 = &lt;Response [200]&gt;.status_code">backend/tests/test_krishisetu_api.py:165: in test_farmer_lot_detail_and_403
    assert r2.status_code in (401, 403)
E   assert 200 in (401, 403)
E    +  where 200 = &lt;Response [200]&gt;.status_code</failure></testcase><testcase classname="tests.test_krishisetu_api" name="test_create_lot_and_recompute" time="0.554" /><testcase classname="tests.test_krishisetu_api" name="test_markets" time="0.360" /><testcase classname="tests.test_krishisetu_api" name="test_buyer_demand" time="0.374" /><testcase classname="tests.test_krishisetu_api" name="test_rbac" time="0.319" /><testcase classname="tests.test_krishisetu_api" name="test_offer_accept_flow" time="1.760" /><testcase classname="tests.test_krishisetu_api" name="test_ai_chat" time="0.221" /></testsuite></testsuites>