<?xml version="1.0" encoding="utf-8"?><testsuites name="pytest tests"><testsuite name="pytest" errors="0" failures="0" skipped="0" tests="7" time="6.747" timestamp="2026-09-18T13:56:36.701230+00:00" hostname="agent-env-659da61a-8ef1-4247-94ae-8eedd3f9d331"><testcase classname="tests.test_agrisutra_api" name="test_dashboard_has_consistent_recommendation" time="0.225" /><testcase classname="tests.test_agrisutra_api" name="test_analyze_quantity_changes_values_and_preserves_cost_fields" time="0.086" /><testcase classname="tests.test_agrisutra_api" name="test_offer_creation_returns_simulated_offer" time="0.087" /><testcase classname="tests.test_agrisutra_api" name="test_role_dashboard_returns_role_specific_items[buyer-3 matching lots]" time="0.077" /><testcase classname="tests.test_agrisutra_api" name="test_role_dashboard_returns_role_specific_items[fpo-42 farmers onboarded]" time="0.078" /><testcase classname="tests.test_agrisutra_api" name="test_role_dashboard_returns_role_specific_items[admin-128 verified users]" time="0.072" /><testcase classname="tests.test_agrisutra_api" name="test_assistant_chat_returns_sse_done_and_text" time="5.485" /></testsuite></testsuites>