<?xml version="1.0" encoding="utf-8"?><testsuites name="pytest tests"><testsuite name="pytest" errors="0" failures="0" skipped="0" tests="14" time="6.002" timestamp="2026-09-18T18:13:27.045539+00:00" hostname="agent-env-659da61a-8ef1-4247-94ae-8eedd3f9d331"><testcase classname="tests.test_krishisetu_v3" name="test_market_ticker_anonymous" time="0.327" /><testcase classname="tests.test_krishisetu_v3" name="test_market_ticker_filter" time="0.131" /><testcase classname="tests.test_krishisetu_v3" name="test_new_users_login" time="1.403" /><testcase classname="tests.test_krishisetu_v3" name="test_existing_users_login" time="0.000" /><testcase classname="tests.test_krishisetu_v3" name="test_quality_dashboard" time="0.166" /><testcase classname="tests.test_krishisetu_v3" name="test_quality_queue_rbac" time="0.319" /><testcase classname="tests.test_krishisetu_v3" name="test_quality_attest_flow" time="0.407" /><testcase classname="tests.test_krishisetu_v3" name="test_quality_history" time="0.162" /><testcase classname="tests.test_krishisetu_v3" name="test_logistics_dashboard" time="0.173" /><testcase classname="tests.test_krishisetu_v3" name="test_logistics_queue_rbac" time="0.346" /><testcase classname="tests.test_krishisetu_v3" name="test_logistics_status_update" time="0.657" /><testcase classname="tests.test_krishisetu_v3" name="test_legacy_dashboard_regression" time="0.164" /><testcase classname="tests.test_krishisetu_v3" name="test_ownership_fix_regression" time="0.623" /><testcase classname="tests.test_krishisetu_v3" name="test_ai_chat_regression" time="0.448" /></testsuite></testsuites>