<?xml version="1.0" encoding="utf-8"?><testsuites name="pytest tests"><testsuite name="pytest" errors="0" failures="1" skipped="0" tests="14" time="6.816" timestamp="2026-09-18T18:07:07.137828+00:00" hostname="agent-env-659da61a-8ef1-4247-94ae-8eedd3f9d331"><testcase classname="tests.test_krishisetu_v3" name="test_market_ticker_anonymous" time="0.241" /><testcase classname="tests.test_krishisetu_v3" name="test_market_ticker_filter" time="0.161" /><testcase classname="tests.test_krishisetu_v3" name="test_new_users_login" time="1.675" /><testcase classname="tests.test_krishisetu_v3" name="test_existing_users_login" time="0.000" /><testcase classname="tests.test_krishisetu_v3" name="test_quality_dashboard" time="0.177" /><testcase classname="tests.test_krishisetu_v3" name="test_quality_queue_rbac" time="0.334" /><testcase classname="tests.test_krishisetu_v3" name="test_quality_attest_flow" time="0.450" /><testcase classname="tests.test_krishisetu_v3" name="test_quality_history" time="0.144" /><testcase classname="tests.test_krishisetu_v3" name="test_logistics_dashboard" time="0.180" /><testcase classname="tests.test_krishisetu_v3" name="test_logistics_queue_rbac" time="0.338" /><testcase classname="tests.test_krishisetu_v3" name="test_logistics_status_update" time="1.406" /><testcase classname="tests.test_krishisetu_v3" name="test_legacy_dashboard_regression" time="0.167" /><testcase classname="tests.test_krishisetu_v3" name="test_ownership_fix_regression" time="0.381"><failure message="assert 200 == 403&#10; +  where 200 = &lt;Response [200]&gt;.status_code">backend/tests/test_krishisetu_v3.py:206: in test_ownership_fix_regression
    assert r_b.status_code == 403
E   assert 200 == 403
E    +  where 200 = &lt;Response [200]&gt;.status_code</failure></testcase><testcase classname="tests.test_krishisetu_v3" name="test_ai_chat_regression" time="0.466" /></testsuite></testsuites>